ď»ż
> eligancia@0.1.0 build
> next build

  Î“Ă»â–“ Next.js 14.2.35
  - Environments: .env.local

   Creating an optimized production build ...
 Î“ÂŁĂ´ Compiled successfully
   Skipping validation of types
   Skipping linting
   Collecting page data ...
   Generating static pages (0/28) ...
   Generating static pages (7/28) 
   Generating static pages (14/28) 
   Generating static pages (21/28) 
 Î“ÂŁĂ´ Generating static pages (28/28)
   Finalizing page optimization ...
   Collecting build traces ...

Route (app)                              Size     First Load JS
Î“Ă¶Ă® Î“ĂąĂŻ /                                    20.4 kB         229 kB
Î“Ă¶ÂŁ Î“ĂąĂŻ /_not-found                          876 B          88.2 kB
Î“Ă¶ÂŁ Î“ĂąĂŻ /account                             17.8 kB         235 kB
Î“Ă¶ÂŁ Î“ĂąĂŻ /admin                               4.4 kB          208 kB
Î“Ă¶ÂŁ Î“ĂąĂŻ /admin/bookings                      6.86 kB         216 kB
Î“Ă¶ÂŁ Î“ĂąĂŻ /admin/clients                       3.97 kB         155 kB
Î“Ă¶ÂŁ Î“ĂąĂŻ /admin/content                       5.69 kB         215 kB
Î“Ă¶ÂŁ Î“ĂąĂŻ /admin/dashboard                     3.42 kB         202 kB
Î“Ă¶ÂŁ Î“ĂąĂŻ /admin/loyalty                       4.94 kB         133 kB
Î“Ă¶ÂŁ Î“ĂąĂŻ /admin/settings                      1.7 kB          110 kB
Î“Ă¶ÂŁ â•žĂ† /api/instagram                       0 B                0 B
Î“Ă¶ÂŁ â•žĂ† /auth/callback                       0 B                0 B
Î“Ă¶ÂŁ Î“ĂąĂŻ /book                                11.5 kB         229 kB
Î“Ă¶ÂŁ Î“ĂąĂŻ /bookings                            4.4 kB          208 kB
Î“Ă¶ÂŁ Î“ĂąĂŻ /clients                             3.97 kB         155 kB
Î“Ă¶ÂŁ Î“ĂąĂŻ /contact                             6.56 kB         148 kB
Î“Ă¶ÂŁ Î“ĂąĂŻ /content                             4.09 kB         204 kB
Î“Ă¶ÂŁ Î“ĂąĂŻ /dashboard                           3.42 kB         202 kB
Î“Ă¶ÂŁ Î“ĂąĂŻ /faq                                 5.05 kB         150 kB
Î“Ă¶ÂŁ Î“ĂąĂŻ /gallery                             7.06 kB         149 kB
Î“Ă¶ÂŁ â•žĂ† /invite/[code]                       4.61 kB         156 kB
Î“Ă¶ÂŁ Î“ĂąĂŻ /login                               5.52 kB         220 kB
Î“Ă¶ÂŁ Î“ĂąĂŻ /pay                                 7.57 kB         181 kB
Î“Ă¶ÂŁ Î“ĂąĂŻ /pricing                             5.07 kB         150 kB
Î“Ă¶ÂŁ Î“ĂąĂŻ /register                            4.63 kB         210 kB
Î“Ă¶ÂŁ Î“ĂąĂŻ /services                            7.24 kB         212 kB
Î“Ă¶ÂŁ â•žĂ† /services/[slug]                     4.19 kB         158 kB
Î“Ă¶Ă¶ Î“ĂąĂŻ /settings                            1.7 kB          110 kB
+ First Load JS shared by all            87.3 kB
  Î“Ă¶ÂŁ chunks/2117-616a1e262854df81.js      31.7 kB
  Î“Ă¶ÂŁ chunks/fd9d1056-2d7a8d217105eef5.js  53.6 kB
  Î“Ă¶Ă¶ other shared chunks (total)          1.97 kB


â•žĂ† Middleware                             75 kB

Î“ĂąĂŻ  (Static)   prerendered as static content
â•žĂ†  (Dynamic)  server-rendered on demand

